<?xml version="1.0" encoding="UTF-8"?>
<robot generator="Robot 3.2.2 (Python 3.9.0 on win32)" generated="20201202 17:33:22.966" rpa="false">
<suite id="s1" name="TestSuite" source="C:\Users\Alexandre\Desktop\prova2\testsuite\TestSuite.robot">
<test id="s1-t1" name="tenta abrir">
<kw name="Create Session" library="RequestsLibrary" type="setup">
<doc>Create Session: create a HTTP session to a server</doc>
<arguments>
<arg>Session</arg>
<arg>${REPO_URL}</arg>
<arg>verify=True</arg>
</arguments>
<msg timestamp="20201202 17:33:23.170" level="INFO">Creating Session using : alias=Session, url=https://api.github.com/repos/alefzx/prova/issues, headers={},                     cookies={}, auth=None, timeout=None, proxies=None, verify=True,                     debug=0 </msg>
<status status="PASS" starttime="20201202 17:33:23.169" endtime="20201202 17:33:23.171"></status>
</kw>
<kw name="Log Git Repository issues" library="Keywords">
<kw name="Get Request" library="RequestsLibrary">
<doc>Send a GET request on the session object found using the
given `alias`</doc>
<arguments>
<arg>Session</arg>
<arg>/</arg>
</arguments>
<assign>
<var>${req}</var>
</assign>
<msg timestamp="20201202 17:33:23.625" level="INFO">GET Request : url=https://api.github.com/repos/alefzx/prova/issues/ 
 path_url=/repos/alefzx/prova/issues/ 
 headers={'User-Agent': 'python-requests/2.25.0', 'Accept-Encoding': 'gzip, deflate', 'Accept': '*/*', 'Connection': 'keep-alive'} 
 body=None 
 </msg>
<msg timestamp="20201202 17:33:23.625" level="INFO">GET Response : url=https://api.github.com/repos/alefzx/prova/issues/ 
 status=404, reason=Not Found 
 body={"message":"Not Found","documentation_url":"https://docs.github.com/rest"} 
 </msg>
<msg timestamp="20201202 17:33:23.625" level="INFO">${req} = &lt;Response [404]&gt;</msg>
<status status="PASS" starttime="20201202 17:33:23.172" endtime="20201202 17:33:23.625"></status>
</kw>
<kw name="Log To Console" library="BuiltIn">
<doc>Logs the given message to the console.</doc>
<arguments>
<arg>Get Value From Json</arg>
<arg>${req.json()}</arg>
<arg>$..title</arg>
</arguments>
<msg timestamp="20201202 17:33:23.625" level="FAIL">AttributeError: 'dict' object has no attribute 'lower'</msg>
<status status="FAIL" starttime="20201202 17:33:23.625" endtime="20201202 17:33:23.625"></status>
</kw>
<status status="FAIL" starttime="20201202 17:33:23.171" endtime="20201202 17:33:23.626"></status>
</kw>
<status status="FAIL" starttime="20201202 17:33:23.168" endtime="20201202 17:33:23.626" critical="yes">AttributeError: 'dict' object has no attribute 'lower'</status>
</test>
<doc>Suite description</doc>
<status status="FAIL" starttime="20201202 17:33:22.968" endtime="20201202 17:33:23.631"></status>
</suite>
<statistics>
<total>
<stat pass="0" fail="1">Critical Tests</stat>
<stat pass="0" fail="1">All Tests</stat>
</total>
<tag>
</tag>
<suite>
<stat pass="0" fail="1" id="s1" name="TestSuite">TestSuite</stat>
</suite>
</statistics>
<errors>
</errors>
</robot>
